-------------------------------------------------------------------------------
Test set: edu.eci.proyectocvds.test.ServicesTest.PortatilServiceTest.PortatilServiceTest
-------------------------------------------------------------------------------
Tests run: 2, Failures: 0, Errors: 2, Skipped: 0, Time elapsed: 0.497 s <<< FAILURE! - in edu.eci.proyectocvds.test.ServicesTest.PortatilServiceTest.PortatilServiceTest
given_DataBook_when_NoExist_then_SaveCorrectly(edu.eci.proyectocvds.test.ServicesTest.PortatilServiceTest.PortatilServiceTest)  Time elapsed: 0.468 s  <<< ERROR!
java.lang.NoSuchMethodError: edu.eci.proyectocvds.persistence.DAORecurso.saveRecurso(Ljava/lang/Object;)Z
	at edu.eci.proyectocvds.test.ServicesTest.PortatilServiceTest.PortatilServiceTest.given_DataBook_when_NoExist_then_SaveCorrectly(PortatilServiceTest.java:38)

given_DataBook_when_Exist_then_ThrowException(edu.eci.proyectocvds.test.ServicesTest.PortatilServiceTest.PortatilServiceTest)  Time elapsed: 0.001 s  <<< ERROR!
java.lang.Exception: Unexpected exception, expected<edu.eci.proyectocvds.services.ExcepcionServiciosRecurso> but was<java.lang.NoSuchMethodError>
	at edu.eci.proyectocvds.test.ServicesTest.PortatilServiceTest.PortatilServiceTest.given_DataBook_when_Exist_then_ThrowException(PortatilServiceTest.java:52)

