<?xml version="1.0" encoding="UTF-8"?>
<testsuite xmlns:xsi="http://www.w3.org/2001/XMLSchema-instance" xsi:noNamespaceSchemaLocation="https://maven.apache.org/surefire/maven-surefire-plugin/xsd/surefire-test-report.xsd" name="edu.eci.proyectocvds.test.ServicesTest.PortatilServiceTest.PortatilServiceTest" time="0" tests="2" errors="0" skipped="0" failures="0">
  <properties>
[...]
</properties>
  <testcase name="given_DataBook_when_NoExist_then_SaveCorrectly" classname="edu.eci.proyectocvds.test.ServicesTest.PortatilServiceTest.PortatilServiceTest" time="0"/>
  <testcase name="given_DataBook_when_Exist_then_ThrowException" classname="edu.eci.proyectocvds.test.ServicesTest.PortatilServiceTest.PortatilServiceTest" time="0"/>
</testsuite>